mode: set
github.com/AlekseyKas/metrics/cmd/staticlint/staticlint.go:67.13,111.42 3 0
github.com/AlekseyKas/metrics/cmd/staticlint/staticlint.go:115.2,115.42 1 0
github.com/AlekseyKas/metrics/cmd/staticlint/staticlint.go:121.2,123.3 1 0
github.com/AlekseyKas/metrics/cmd/staticlint/staticlint.go:111.42,113.3 1 0
github.com/AlekseyKas/metrics/cmd/staticlint/staticlint.go:115.42,116.30 1 0
github.com/AlekseyKas/metrics/cmd/staticlint/staticlint.go:116.30,119.4 1 0
github.com/AlekseyKas/metrics/cmd/staticlint/staticlint.go:127.52,130.34 2 1
github.com/AlekseyKas/metrics/cmd/staticlint/staticlint.go:148.2,148.17 1 1
github.com/AlekseyKas/metrics/cmd/staticlint/staticlint.go:130.34,131.46 1 1
github.com/AlekseyKas/metrics/cmd/staticlint/staticlint.go:131.46,132.41 1 1
github.com/AlekseyKas/metrics/cmd/staticlint/staticlint.go:135.4,135.41 1 1
github.com/AlekseyKas/metrics/cmd/staticlint/staticlint.go:145.4,145.15 1 1
github.com/AlekseyKas/metrics/cmd/staticlint/staticlint.go:132.41,134.5 1 1
github.com/AlekseyKas/metrics/cmd/staticlint/staticlint.go:135.41,137.27 1 1
github.com/AlekseyKas/metrics/cmd/staticlint/staticlint.go:137.27,140.42 2 1
github.com/AlekseyKas/metrics/cmd/staticlint/staticlint.go:140.42,142.7 1 1
github.com/AlekseyKas/metrics/internal/agent/helpers/helpers.go:29.125,31.6 2 1
github.com/AlekseyKas/metrics/internal/agent/helpers/helpers.go:31.6,32.10 1 1
github.com/AlekseyKas/metrics/internal/agent/helpers/helpers.go:33.21,35.10 2 1
github.com/AlekseyKas/metrics/internal/agent/helpers/helpers.go:36.48,38.18 2 1
github.com/AlekseyKas/metrics/internal/agent/helpers/helpers.go:38.18,40.5 1 0
github.com/AlekseyKas/metrics/internal/agent/helpers/helpers.go:46.144,50.16 3 1
github.com/AlekseyKas/metrics/internal/agent/helpers/helpers.go:54.2,54.40 1 1
github.com/AlekseyKas/metrics/internal/agent/helpers/helpers.go:68.2,73.16 5 1
github.com/AlekseyKas/metrics/internal/agent/helpers/helpers.go:77.2,80.16 3 1
github.com/AlekseyKas/metrics/internal/agent/helpers/helpers.go:83.2,85.18 2 1
github.com/AlekseyKas/metrics/internal/agent/helpers/helpers.go:50.16,52.3 1 0
github.com/AlekseyKas/metrics/internal/agent/helpers/helpers.go:54.40,55.10 1 1
github.com/AlekseyKas/metrics/internal/agent/helpers/helpers.go:56.21,58.14 2 1
github.com/AlekseyKas/metrics/internal/agent/helpers/helpers.go:59.11,60.25 1 1
github.com/AlekseyKas/metrics/internal/agent/helpers/helpers.go:60.25,62.19 2 0
github.com/AlekseyKas/metrics/internal/agent/helpers/helpers.go:62.19,64.6 1 0
github.com/AlekseyKas/metrics/internal/agent/helpers/helpers.go:73.16,75.3 1 0
github.com/AlekseyKas/metrics/internal/agent/helpers/helpers.go:80.16,82.3 1 0
github.com/AlekseyKas/metrics/internal/agent/helpers/helpers.go:85.18,89.17 3 1
github.com/AlekseyKas/metrics/internal/agent/helpers/helpers.go:92.3,97.17 2 1
github.com/AlekseyKas/metrics/internal/agent/helpers/helpers.go:100.3,100.13 1 0
github.com/AlekseyKas/metrics/internal/agent/helpers/helpers.go:89.17,91.4 1 0
github.com/AlekseyKas/metrics/internal/agent/helpers/helpers.go:97.17,99.4 1 1
github.com/AlekseyKas/metrics/internal/agent/helpers/helpers.go:101.8,107.17 2 0
github.com/AlekseyKas/metrics/internal/agent/helpers/helpers.go:110.3,110.13 1 0
github.com/AlekseyKas/metrics/internal/agent/helpers/helpers.go:107.17,109.4 1 0
github.com/AlekseyKas/metrics/internal/agent/helpers/helpers.go:115.85,117.26 2 1
github.com/AlekseyKas/metrics/internal/agent/helpers/helpers.go:131.2,131.16 1 1
github.com/AlekseyKas/metrics/internal/agent/helpers/helpers.go:118.17,123.37 5 1
github.com/AlekseyKas/metrics/internal/agent/helpers/helpers.go:124.15,129.37 5 1
github.com/AlekseyKas/metrics/internal/agent/helpers/helpers.go:135.140,137.6 2 1
github.com/AlekseyKas/metrics/internal/agent/helpers/helpers.go:137.6,138.10 1 1
github.com/AlekseyKas/metrics/internal/agent/helpers/helpers.go:140.21,142.10 2 1
github.com/AlekseyKas/metrics/internal/agent/helpers/helpers.go:143.35,147.18 4 1
github.com/AlekseyKas/metrics/internal/agent/helpers/helpers.go:147.18,149.5 1 0
github.com/AlekseyKas/metrics/internal/agent/helpers/helpers.go:155.143,157.6 2 1
github.com/AlekseyKas/metrics/internal/agent/helpers/helpers.go:157.6,158.10 1 1
github.com/AlekseyKas/metrics/internal/agent/helpers/helpers.go:159.21,161.10 2 0
github.com/AlekseyKas/metrics/internal/agent/helpers/helpers.go:162.35,164.18 2 1
github.com/AlekseyKas/metrics/internal/agent/helpers/helpers.go:167.4,168.18 2 1
github.com/AlekseyKas/metrics/internal/agent/helpers/helpers.go:171.4,172.18 2 1
github.com/AlekseyKas/metrics/internal/agent/helpers/helpers.go:164.18,166.5 1 0
github.com/AlekseyKas/metrics/internal/agent/helpers/helpers.go:168.18,170.5 1 0
github.com/AlekseyKas/metrics/internal/agent/helpers/helpers.go:172.18,174.5 1 0
github.com/AlekseyKas/metrics/internal/agent/helpers/helpers.go:180.85,187.2 6 1
