mode: set
github.com/AlekseyKas/metrics/cmd/server/handlers/handlers.go:37.36,39.2 1 1
github.com/AlekseyKas/metrics/cmd/server/handlers/handlers.go:42.27,62.2 18 1
github.com/AlekseyKas/metrics/cmd/server/handlers/handlers.go:71.55,73.2 1 1
github.com/AlekseyKas/metrics/cmd/server/handlers/handlers.go:76.53,77.71 1 1
github.com/AlekseyKas/metrics/cmd/server/handlers/handlers.go:77.71,79.66 1 1
github.com/AlekseyKas/metrics/cmd/server/handlers/handlers.go:84.3,85.17 2 0
github.com/AlekseyKas/metrics/cmd/server/handlers/handlers.go:89.3,91.23 3 0
github.com/AlekseyKas/metrics/cmd/server/handlers/handlers.go:79.66,82.4 2 1
github.com/AlekseyKas/metrics/cmd/server/handlers/handlers.go:85.17,88.4 2 0
github.com/AlekseyKas/metrics/cmd/server/handlers/handlers.go:97.51,98.71 1 1
github.com/AlekseyKas/metrics/cmd/server/handlers/handlers.go:98.71,99.65 1 1
github.com/AlekseyKas/metrics/cmd/server/handlers/handlers.go:104.3,105.17 2 1
github.com/AlekseyKas/metrics/cmd/server/handlers/handlers.go:109.3,117.8 5 1
github.com/AlekseyKas/metrics/cmd/server/handlers/handlers.go:99.65,102.4 2 0
github.com/AlekseyKas/metrics/cmd/server/handlers/handlers.go:105.17,108.4 2 0
github.com/AlekseyKas/metrics/cmd/server/handlers/handlers.go:122.42,123.72 1 1
github.com/AlekseyKas/metrics/cmd/server/handlers/handlers.go:123.72,129.17 4 1
github.com/AlekseyKas/metrics/cmd/server/handlers/handlers.go:133.3,134.17 2 1
github.com/AlekseyKas/metrics/cmd/server/handlers/handlers.go:137.3,139.31 3 1
github.com/AlekseyKas/metrics/cmd/server/handlers/handlers.go:129.17,131.4 1 0
github.com/AlekseyKas/metrics/cmd/server/handlers/handlers.go:134.17,136.4 1 1
github.com/AlekseyKas/metrics/cmd/server/handlers/handlers.go:139.31,144.30 4 1
github.com/AlekseyKas/metrics/cmd/server/handlers/handlers.go:144.30,146.19 2 0
github.com/AlekseyKas/metrics/cmd/server/handlers/handlers.go:149.5,149.10 1 0
github.com/AlekseyKas/metrics/cmd/server/handlers/handlers.go:146.19,148.6 1 0
github.com/AlekseyKas/metrics/cmd/server/handlers/handlers.go:149.10,152.28 1 0
github.com/AlekseyKas/metrics/cmd/server/handlers/handlers.go:162.6,162.30 1 0
github.com/AlekseyKas/metrics/cmd/server/handlers/handlers.go:152.28,153.28 1 0
github.com/AlekseyKas/metrics/cmd/server/handlers/handlers.go:153.28,154.50 1 0
github.com/AlekseyKas/metrics/cmd/server/handlers/handlers.go:154.50,158.9 3 0
github.com/AlekseyKas/metrics/cmd/server/handlers/handlers.go:162.30,164.28 2 0
github.com/AlekseyKas/metrics/cmd/server/handlers/handlers.go:164.28,165.41 1 0
github.com/AlekseyKas/metrics/cmd/server/handlers/handlers.go:165.41,167.23 2 0
github.com/AlekseyKas/metrics/cmd/server/handlers/handlers.go:171.9,174.38 4 0
github.com/AlekseyKas/metrics/cmd/server/handlers/handlers.go:167.23,170.10 2 0
github.com/AlekseyKas/metrics/cmd/server/handlers/handlers.go:175.14,180.9 4 0
github.com/AlekseyKas/metrics/cmd/server/handlers/handlers.go:185.10,186.27 1 1
github.com/AlekseyKas/metrics/cmd/server/handlers/handlers.go:196.5,196.29 1 1
github.com/AlekseyKas/metrics/cmd/server/handlers/handlers.go:186.27,187.27 1 1
github.com/AlekseyKas/metrics/cmd/server/handlers/handlers.go:187.27,188.49 1 1
github.com/AlekseyKas/metrics/cmd/server/handlers/handlers.go:188.49,192.8 3 0
github.com/AlekseyKas/metrics/cmd/server/handlers/handlers.go:196.29,198.27 2 1
github.com/AlekseyKas/metrics/cmd/server/handlers/handlers.go:198.27,199.40 1 1
github.com/AlekseyKas/metrics/cmd/server/handlers/handlers.go:199.40,201.22 2 1
github.com/AlekseyKas/metrics/cmd/server/handlers/handlers.go:205.8,208.37 4 0
github.com/AlekseyKas/metrics/cmd/server/handlers/handlers.go:201.22,204.9 2 1
github.com/AlekseyKas/metrics/cmd/server/handlers/handlers.go:209.13,214.8 4 0
github.com/AlekseyKas/metrics/cmd/server/handlers/handlers.go:223.40,224.57 1 1
github.com/AlekseyKas/metrics/cmd/server/handlers/handlers.go:224.57,228.17 4 1
github.com/AlekseyKas/metrics/cmd/server/handlers/handlers.go:233.3,235.17 3 1
github.com/AlekseyKas/metrics/cmd/server/handlers/handlers.go:240.3,244.49 4 1
github.com/AlekseyKas/metrics/cmd/server/handlers/handlers.go:249.3,249.51 1 1
github.com/AlekseyKas/metrics/cmd/server/handlers/handlers.go:253.3,253.27 1 1
github.com/AlekseyKas/metrics/cmd/server/handlers/handlers.go:287.3,287.25 1 1
github.com/AlekseyKas/metrics/cmd/server/handlers/handlers.go:228.17,231.4 2 0
github.com/AlekseyKas/metrics/cmd/server/handlers/handlers.go:235.17,238.4 2 0
github.com/AlekseyKas/metrics/cmd/server/handlers/handlers.go:244.49,247.4 2 1
github.com/AlekseyKas/metrics/cmd/server/handlers/handlers.go:249.51,252.4 2 0
github.com/AlekseyKas/metrics/cmd/server/handlers/handlers.go:253.27,255.37 1 1
github.com/AlekseyKas/metrics/cmd/server/handlers/handlers.go:255.37,257.118 1 1
github.com/AlekseyKas/metrics/cmd/server/handlers/handlers.go:257.118,259.20 2 1
github.com/AlekseyKas/metrics/cmd/server/handlers/handlers.go:262.6,265.32 4 1
github.com/AlekseyKas/metrics/cmd/server/handlers/handlers.go:271.6,273.20 3 1
github.com/AlekseyKas/metrics/cmd/server/handlers/handlers.go:277.6,279.12 3 1
github.com/AlekseyKas/metrics/cmd/server/handlers/handlers.go:259.20,261.7 1 0
github.com/AlekseyKas/metrics/cmd/server/handlers/handlers.go:265.32,267.21 2 0
github.com/AlekseyKas/metrics/cmd/server/handlers/handlers.go:267.21,269.8 1 0
github.com/AlekseyKas/metrics/cmd/server/handlers/handlers.go:273.20,276.7 2 0
github.com/AlekseyKas/metrics/cmd/server/handlers/handlers.go:280.11,282.6 1 0
github.com/AlekseyKas/metrics/cmd/server/handlers/handlers.go:283.10,285.5 1 0
github.com/AlekseyKas/metrics/cmd/server/handlers/handlers.go:287.25,288.37 1 1
github.com/AlekseyKas/metrics/cmd/server/handlers/handlers.go:288.37,289.92 1 1
github.com/AlekseyKas/metrics/cmd/server/handlers/handlers.go:289.92,291.20 2 1
github.com/AlekseyKas/metrics/cmd/server/handlers/handlers.go:294.6,296.32 3 1
github.com/AlekseyKas/metrics/cmd/server/handlers/handlers.go:302.6,304.20 3 1
github.com/AlekseyKas/metrics/cmd/server/handlers/handlers.go:307.6,309.12 3 1
github.com/AlekseyKas/metrics/cmd/server/handlers/handlers.go:291.20,293.7 1 0
github.com/AlekseyKas/metrics/cmd/server/handlers/handlers.go:296.32,298.21 2 0
github.com/AlekseyKas/metrics/cmd/server/handlers/handlers.go:298.21,300.8 1 0
github.com/AlekseyKas/metrics/cmd/server/handlers/handlers.go:304.20,306.7 1 0
github.com/AlekseyKas/metrics/cmd/server/handlers/handlers.go:310.11,312.6 1 0
github.com/AlekseyKas/metrics/cmd/server/handlers/handlers.go:313.10,315.5 1 0
github.com/AlekseyKas/metrics/cmd/server/handlers/handlers.go:322.56,325.17 2 1
github.com/AlekseyKas/metrics/cmd/server/handlers/handlers.go:326.17,330.41 4 1
github.com/AlekseyKas/metrics/cmd/server/handlers/handlers.go:331.15,335.41 4 1
github.com/AlekseyKas/metrics/cmd/server/handlers/handlers.go:340.41,341.57 1 1
github.com/AlekseyKas/metrics/cmd/server/handlers/handlers.go:341.57,345.17 3 1
github.com/AlekseyKas/metrics/cmd/server/handlers/handlers.go:349.3,351.17 3 1
github.com/AlekseyKas/metrics/cmd/server/handlers/handlers.go:356.3,359.29 4 1
github.com/AlekseyKas/metrics/cmd/server/handlers/handlers.go:369.3,369.49 1 1
github.com/AlekseyKas/metrics/cmd/server/handlers/handlers.go:374.3,374.25 1 1
github.com/AlekseyKas/metrics/cmd/server/handlers/handlers.go:388.3,388.27 1 1
github.com/AlekseyKas/metrics/cmd/server/handlers/handlers.go:345.17,348.4 2 0
github.com/AlekseyKas/metrics/cmd/server/handlers/handlers.go:351.17,355.4 2 1
github.com/AlekseyKas/metrics/cmd/server/handlers/handlers.go:359.29,361.18 2 0
github.com/AlekseyKas/metrics/cmd/server/handlers/handlers.go:364.4,364.10 1 0
github.com/AlekseyKas/metrics/cmd/server/handlers/handlers.go:361.18,363.5 1 0
github.com/AlekseyKas/metrics/cmd/server/handlers/handlers.go:364.10,366.5 1 0
github.com/AlekseyKas/metrics/cmd/server/handlers/handlers.go:369.49,372.4 2 0
github.com/AlekseyKas/metrics/cmd/server/handlers/handlers.go:374.25,375.22 1 1
github.com/AlekseyKas/metrics/cmd/server/handlers/handlers.go:375.22,378.5 2 1
github.com/AlekseyKas/metrics/cmd/server/handlers/handlers.go:378.10,379.44 1 1
github.com/AlekseyKas/metrics/cmd/server/handlers/handlers.go:379.44,384.6 4 1
github.com/AlekseyKas/metrics/cmd/server/handlers/handlers.go:388.27,390.18 1 1
github.com/AlekseyKas/metrics/cmd/server/handlers/handlers.go:394.4,395.22 2 1
github.com/AlekseyKas/metrics/cmd/server/handlers/handlers.go:390.18,393.5 2 0
github.com/AlekseyKas/metrics/cmd/server/handlers/handlers.go:395.22,396.38 1 1
github.com/AlekseyKas/metrics/cmd/server/handlers/handlers.go:396.38,398.20 2 0
github.com/AlekseyKas/metrics/cmd/server/handlers/handlers.go:402.6,406.12 5 0
github.com/AlekseyKas/metrics/cmd/server/handlers/handlers.go:398.20,401.7 2 0
github.com/AlekseyKas/metrics/cmd/server/handlers/handlers.go:407.11,413.6 5 1
github.com/AlekseyKas/metrics/cmd/server/handlers/handlers.go:414.10,416.5 1 0
github.com/AlekseyKas/metrics/cmd/server/handlers/handlers.go:422.74,424.17 2 1
github.com/AlekseyKas/metrics/cmd/server/handlers/handlers.go:434.2,435.45 2 1
github.com/AlekseyKas/metrics/cmd/server/handlers/handlers.go:438.2,438.15 1 1
github.com/AlekseyKas/metrics/cmd/server/handlers/handlers.go:425.17,428.24 3 0
github.com/AlekseyKas/metrics/cmd/server/handlers/handlers.go:429.15,432.24 3 1
github.com/AlekseyKas/metrics/cmd/server/handlers/handlers.go:435.45,437.3 1 1
github.com/AlekseyKas/metrics/cmd/server/handlers/handlers.go:442.36,443.57 1 1
github.com/AlekseyKas/metrics/cmd/server/handlers/handlers.go:443.57,449.17 5 1
github.com/AlekseyKas/metrics/cmd/server/handlers/handlers.go:453.3,455.24 3 1
github.com/AlekseyKas/metrics/cmd/server/handlers/handlers.go:449.17,452.4 2 0
github.com/AlekseyKas/metrics/cmd/server/handlers/handlers.go:460.35,461.57 1 1
github.com/AlekseyKas/metrics/cmd/server/handlers/handlers.go:461.57,468.18 4 1
github.com/AlekseyKas/metrics/cmd/server/handlers/handlers.go:474.3,474.49 1 1
github.com/AlekseyKas/metrics/cmd/server/handlers/handlers.go:480.3,480.51 1 1
github.com/AlekseyKas/metrics/cmd/server/handlers/handlers.go:485.3,485.36 1 1
github.com/AlekseyKas/metrics/cmd/server/handlers/handlers.go:496.3,496.51 1 1
github.com/AlekseyKas/metrics/cmd/server/handlers/handlers.go:469.16,470.21 1 1
github.com/AlekseyKas/metrics/cmd/server/handlers/handlers.go:471.18,472.23 1 1
github.com/AlekseyKas/metrics/cmd/server/handlers/handlers.go:474.49,478.4 3 1
github.com/AlekseyKas/metrics/cmd/server/handlers/handlers.go:480.51,484.4 3 1
github.com/AlekseyKas/metrics/cmd/server/handlers/handlers.go:485.36,486.28 1 1
github.com/AlekseyKas/metrics/cmd/server/handlers/handlers.go:486.28,491.5 4 1
github.com/AlekseyKas/metrics/cmd/server/handlers/handlers.go:492.9,495.4 2 1
github.com/AlekseyKas/metrics/cmd/server/handlers/handlers.go:496.51,501.4 4 1
github.com/AlekseyKas/metrics/cmd/server/handlers/handlers.go:505.37,506.57 1 1
github.com/AlekseyKas/metrics/cmd/server/handlers/handlers.go:506.57,514.18 5 1
github.com/AlekseyKas/metrics/cmd/server/handlers/handlers.go:520.3,520.49 1 1
github.com/AlekseyKas/metrics/cmd/server/handlers/handlers.go:525.3,525.51 1 1
github.com/AlekseyKas/metrics/cmd/server/handlers/handlers.go:540.3,540.27 1 1
github.com/AlekseyKas/metrics/cmd/server/handlers/handlers.go:515.16,516.21 1 1
github.com/AlekseyKas/metrics/cmd/server/handlers/handlers.go:517.18,518.23 1 1
github.com/AlekseyKas/metrics/cmd/server/handlers/handlers.go:520.49,523.4 2 1
github.com/AlekseyKas/metrics/cmd/server/handlers/handlers.go:525.51,527.18 2 1
github.com/AlekseyKas/metrics/cmd/server/handlers/handlers.go:527.18,531.5 3 1
github.com/AlekseyKas/metrics/cmd/server/handlers/handlers.go:531.10,532.49 1 1
github.com/AlekseyKas/metrics/cmd/server/handlers/handlers.go:532.49,536.6 3 1
github.com/AlekseyKas/metrics/cmd/server/handlers/handlers.go:540.27,542.18 2 1
github.com/AlekseyKas/metrics/cmd/server/handlers/handlers.go:546.4,546.18 1 1
github.com/AlekseyKas/metrics/cmd/server/handlers/handlers.go:542.18,545.5 2 1
github.com/AlekseyKas/metrics/cmd/server/handlers/handlers.go:546.18,547.38 1 1
github.com/AlekseyKas/metrics/cmd/server/handlers/handlers.go:547.38,549.20 2 0
github.com/AlekseyKas/metrics/cmd/server/handlers/handlers.go:553.6,556.35 4 0
github.com/AlekseyKas/metrics/cmd/server/handlers/handlers.go:549.20,552.7 2 0
github.com/AlekseyKas/metrics/cmd/server/handlers/handlers.go:557.11,559.6 1 1
github.com/AlekseyKas/metrics/cmd/server/handlers/handlers.go:566.41,567.57 1 1
github.com/AlekseyKas/metrics/cmd/server/handlers/handlers.go:567.57,568.31 1 1
github.com/AlekseyKas/metrics/cmd/server/handlers/handlers.go:568.31,570.18 2 0
github.com/AlekseyKas/metrics/cmd/server/handlers/handlers.go:570.18,572.5 1 0
github.com/AlekseyKas/metrics/cmd/server/handlers/handlers.go:572.10,574.5 1 0
github.com/AlekseyKas/metrics/cmd/server/handlers/handlers.go:575.9,577.4 1 1
github.com/AlekseyKas/metrics/cmd/agent/helpers/helpers.go:28.90,30.6 2 1
github.com/AlekseyKas/metrics/cmd/agent/helpers/helpers.go:30.6,31.10 1 1
github.com/AlekseyKas/metrics/cmd/agent/helpers/helpers.go:32.21,34.10 2 1
github.com/AlekseyKas/metrics/cmd/agent/helpers/helpers.go:35.48,37.18 2 1
github.com/AlekseyKas/metrics/cmd/agent/helpers/helpers.go:37.18,39.5 1 0
github.com/AlekseyKas/metrics/cmd/agent/helpers/helpers.go:45.109,49.16 3 1
github.com/AlekseyKas/metrics/cmd/agent/helpers/helpers.go:53.2,53.40 1 1
github.com/AlekseyKas/metrics/cmd/agent/helpers/helpers.go:67.2,72.16 5 1
github.com/AlekseyKas/metrics/cmd/agent/helpers/helpers.go:76.2,85.16 5 1
github.com/AlekseyKas/metrics/cmd/agent/helpers/helpers.go:88.2,88.12 1 1
github.com/AlekseyKas/metrics/cmd/agent/helpers/helpers.go:49.16,51.3 1 0
github.com/AlekseyKas/metrics/cmd/agent/helpers/helpers.go:53.40,54.10 1 1
github.com/AlekseyKas/metrics/cmd/agent/helpers/helpers.go:55.21,57.14 2 1
github.com/AlekseyKas/metrics/cmd/agent/helpers/helpers.go:58.11,59.25 1 1
github.com/AlekseyKas/metrics/cmd/agent/helpers/helpers.go:59.25,61.19 2 0
github.com/AlekseyKas/metrics/cmd/agent/helpers/helpers.go:61.19,63.6 1 0
github.com/AlekseyKas/metrics/cmd/agent/helpers/helpers.go:72.16,74.3 1 0
github.com/AlekseyKas/metrics/cmd/agent/helpers/helpers.go:85.16,87.3 1 0
github.com/AlekseyKas/metrics/cmd/agent/helpers/helpers.go:92.85,94.26 2 1
github.com/AlekseyKas/metrics/cmd/agent/helpers/helpers.go:108.2,108.16 1 1
github.com/AlekseyKas/metrics/cmd/agent/helpers/helpers.go:95.17,100.37 5 1
github.com/AlekseyKas/metrics/cmd/agent/helpers/helpers.go:101.15,106.37 5 1
github.com/AlekseyKas/metrics/cmd/agent/helpers/helpers.go:112.120,114.6 2 0
github.com/AlekseyKas/metrics/cmd/agent/helpers/helpers.go:114.6,115.10 1 0
github.com/AlekseyKas/metrics/cmd/agent/helpers/helpers.go:117.21,119.10 2 0
github.com/AlekseyKas/metrics/cmd/agent/helpers/helpers.go:120.35,123.36 3 0
github.com/AlekseyKas/metrics/cmd/agent/helpers/helpers.go:129.123,131.6 2 0
github.com/AlekseyKas/metrics/cmd/agent/helpers/helpers.go:131.6,132.10 1 0
github.com/AlekseyKas/metrics/cmd/agent/helpers/helpers.go:133.21,135.10 2 0
github.com/AlekseyKas/metrics/cmd/agent/helpers/helpers.go:136.35,138.18 2 0
github.com/AlekseyKas/metrics/cmd/agent/helpers/helpers.go:141.4,142.18 2 0
github.com/AlekseyKas/metrics/cmd/agent/helpers/helpers.go:145.4,145.39 1 0
github.com/AlekseyKas/metrics/cmd/agent/helpers/helpers.go:138.18,140.5 1 0
github.com/AlekseyKas/metrics/cmd/agent/helpers/helpers.go:142.18,144.5 1 0
github.com/AlekseyKas/metrics/cmd/agent/helpers/helpers.go:151.65,158.2 6 0
github.com/AlekseyKas/metrics/cmd/server/main.go:27.13,43.34 7 0
github.com/AlekseyKas/metrics/cmd/server/main.go:50.2,50.30 1 0
github.com/AlekseyKas/metrics/cmd/server/main.go:66.2,75.11 6 0
github.com/AlekseyKas/metrics/cmd/server/main.go:43.34,45.17 2 0
github.com/AlekseyKas/metrics/cmd/server/main.go:45.17,47.4 1 0
github.com/AlekseyKas/metrics/cmd/server/main.go:50.30,52.17 2 0
github.com/AlekseyKas/metrics/cmd/server/main.go:55.3,56.17 2 0
github.com/AlekseyKas/metrics/cmd/server/main.go:59.3,61.56 2 0
github.com/AlekseyKas/metrics/cmd/server/main.go:52.17,54.4 1 0
github.com/AlekseyKas/metrics/cmd/server/main.go:56.17,58.4 1 0
github.com/AlekseyKas/metrics/cmd/server/main.go:61.56,63.4 1 0
github.com/AlekseyKas/metrics/cmd/server/main.go:79.42,80.45 1 1
github.com/AlekseyKas/metrics/cmd/server/main.go:89.2,89.12 1 1
github.com/AlekseyKas/metrics/cmd/server/main.go:80.45,82.17 2 0
github.com/AlekseyKas/metrics/cmd/server/main.go:87.3,87.42 1 0
github.com/AlekseyKas/metrics/cmd/server/main.go:82.17,86.4 3 0
github.com/AlekseyKas/metrics/cmd/server/main.go:93.53,94.25 1 1
github.com/AlekseyKas/metrics/cmd/server/main.go:94.25,95.7 1 1
github.com/AlekseyKas/metrics/cmd/server/main.go:95.7,100.4 4 1
github.com/AlekseyKas/metrics/cmd/server/main.go:101.8,102.29 1 1
github.com/AlekseyKas/metrics/cmd/server/main.go:102.29,105.18 3 1
github.com/AlekseyKas/metrics/cmd/server/main.go:108.4,111.18 3 1
github.com/AlekseyKas/metrics/cmd/server/main.go:114.4,115.8 2 1
github.com/AlekseyKas/metrics/cmd/server/main.go:105.18,107.5 1 1
github.com/AlekseyKas/metrics/cmd/server/main.go:111.18,113.5 1 0
github.com/AlekseyKas/metrics/cmd/server/main.go:115.8,120.5 4 1
github.com/AlekseyKas/metrics/cmd/server/main.go:121.9,122.8 1 1
github.com/AlekseyKas/metrics/cmd/server/main.go:122.8,123.12 1 1
github.com/AlekseyKas/metrics/cmd/server/main.go:124.23,127.12 3 1
github.com/AlekseyKas/metrics/cmd/server/main.go:128.42,131.20 3 1
github.com/AlekseyKas/metrics/cmd/server/main.go:134.6,137.20 3 1
github.com/AlekseyKas/metrics/cmd/server/main.go:140.6,140.22 1 1
github.com/AlekseyKas/metrics/cmd/server/main.go:131.20,133.7 1 1
github.com/AlekseyKas/metrics/cmd/server/main.go:137.20,139.7 1 0
github.com/AlekseyKas/metrics/cmd/server/main.go:148.34,151.24 3 1
github.com/AlekseyKas/metrics/cmd/server/main.go:154.2,155.10 2 1
github.com/AlekseyKas/metrics/cmd/server/main.go:151.24,153.3 1 1
github.com/AlekseyKas/metrics/cmd/server/main.go:159.45,162.6 3 0
github.com/AlekseyKas/metrics/cmd/server/main.go:162.6,164.14 2 0
github.com/AlekseyKas/metrics/cmd/server/main.go:165.21,166.32 1 0
github.com/AlekseyKas/metrics/cmd/server/main.go:169.4,172.10 4 0
github.com/AlekseyKas/metrics/cmd/server/main.go:166.32,168.5 1 0
