mode: set
github.com/AlekseyKas/metrics/cmd/server/main.go:27.13,40.34 7 0
github.com/AlekseyKas/metrics/cmd/server/main.go:47.2,47.30 1 0
github.com/AlekseyKas/metrics/cmd/server/main.go:62.2,69.11 6 0
github.com/AlekseyKas/metrics/cmd/server/main.go:40.34,42.17 2 0
github.com/AlekseyKas/metrics/cmd/server/main.go:42.17,44.4 1 0
github.com/AlekseyKas/metrics/cmd/server/main.go:47.30,49.17 2 0
github.com/AlekseyKas/metrics/cmd/server/main.go:52.3,53.17 2 0
github.com/AlekseyKas/metrics/cmd/server/main.go:56.3,58.56 2 0
github.com/AlekseyKas/metrics/cmd/server/main.go:49.17,51.4 1 0
github.com/AlekseyKas/metrics/cmd/server/main.go:53.17,55.4 1 0
github.com/AlekseyKas/metrics/cmd/server/main.go:58.56,60.4 1 0
github.com/AlekseyKas/metrics/cmd/server/main.go:72.42,73.45 1 1
github.com/AlekseyKas/metrics/cmd/server/main.go:82.2,82.12 1 1
github.com/AlekseyKas/metrics/cmd/server/main.go:73.45,75.17 2 0
github.com/AlekseyKas/metrics/cmd/server/main.go:80.3,80.42 1 0
github.com/AlekseyKas/metrics/cmd/server/main.go:75.17,79.4 3 0
github.com/AlekseyKas/metrics/cmd/server/main.go:85.53,86.25 1 1
github.com/AlekseyKas/metrics/cmd/server/main.go:86.25,87.7 1 1
github.com/AlekseyKas/metrics/cmd/server/main.go:87.7,92.4 4 1
github.com/AlekseyKas/metrics/cmd/server/main.go:93.8,94.29 1 0
github.com/AlekseyKas/metrics/cmd/server/main.go:94.29,97.18 3 0
github.com/AlekseyKas/metrics/cmd/server/main.go:100.4,103.18 3 0
github.com/AlekseyKas/metrics/cmd/server/main.go:106.4,107.8 2 0
github.com/AlekseyKas/metrics/cmd/server/main.go:97.18,99.5 1 0
github.com/AlekseyKas/metrics/cmd/server/main.go:103.18,105.5 1 0
github.com/AlekseyKas/metrics/cmd/server/main.go:107.8,112.5 4 0
github.com/AlekseyKas/metrics/cmd/server/main.go:113.9,114.8 1 0
github.com/AlekseyKas/metrics/cmd/server/main.go:114.8,115.12 1 0
github.com/AlekseyKas/metrics/cmd/server/main.go:116.23,119.12 3 0
github.com/AlekseyKas/metrics/cmd/server/main.go:120.42,123.20 3 0
github.com/AlekseyKas/metrics/cmd/server/main.go:126.6,129.20 3 0
github.com/AlekseyKas/metrics/cmd/server/main.go:132.6,132.22 1 0
github.com/AlekseyKas/metrics/cmd/server/main.go:123.20,125.7 1 0
github.com/AlekseyKas/metrics/cmd/server/main.go:129.20,131.7 1 0
github.com/AlekseyKas/metrics/cmd/server/main.go:139.21,150.19 10 1
github.com/AlekseyKas/metrics/cmd/server/main.go:156.2,157.19 2 1
github.com/AlekseyKas/metrics/cmd/server/main.go:162.2,163.23 2 1
github.com/AlekseyKas/metrics/cmd/server/main.go:168.2,169.18 2 1
github.com/AlekseyKas/metrics/cmd/server/main.go:175.2,177.28 2 1
github.com/AlekseyKas/metrics/cmd/server/main.go:188.2,190.54 2 1
github.com/AlekseyKas/metrics/cmd/server/main.go:150.19,152.3 1 1
github.com/AlekseyKas/metrics/cmd/server/main.go:152.8,155.3 1 0
github.com/AlekseyKas/metrics/cmd/server/main.go:157.19,159.3 1 1
github.com/AlekseyKas/metrics/cmd/server/main.go:159.8,161.3 1 0
github.com/AlekseyKas/metrics/cmd/server/main.go:163.23,165.3 1 1
github.com/AlekseyKas/metrics/cmd/server/main.go:165.8,167.3 1 0
github.com/AlekseyKas/metrics/cmd/server/main.go:169.18,171.3 1 1
github.com/AlekseyKas/metrics/cmd/server/main.go:171.8,173.3 1 0
github.com/AlekseyKas/metrics/cmd/server/main.go:178.12,179.30 1 0
github.com/AlekseyKas/metrics/cmd/server/main.go:180.13,181.20 1 1
github.com/AlekseyKas/metrics/cmd/server/main.go:181.20,183.4 1 1
github.com/AlekseyKas/metrics/cmd/server/main.go:183.9,185.4 1 0
github.com/AlekseyKas/metrics/cmd/server/main.go:190.54,192.3 1 1
github.com/AlekseyKas/metrics/cmd/server/main.go:192.8,193.21 1 0
github.com/AlekseyKas/metrics/cmd/server/main.go:193.21,195.4 1 0
github.com/AlekseyKas/metrics/cmd/server/main.go:195.9,197.4 1 0
github.com/AlekseyKas/metrics/cmd/server/main.go:201.34,204.24 3 1
github.com/AlekseyKas/metrics/cmd/server/main.go:207.2,208.10 2 0
github.com/AlekseyKas/metrics/cmd/server/main.go:204.24,206.3 1 1
github.com/AlekseyKas/metrics/cmd/server/main.go:212.45,215.6 3 1
github.com/AlekseyKas/metrics/cmd/server/main.go:215.6,217.14 2 0
github.com/AlekseyKas/metrics/cmd/server/main.go:218.21,219.32 1 0
github.com/AlekseyKas/metrics/cmd/server/main.go:222.4,225.10 4 0
github.com/AlekseyKas/metrics/cmd/server/main.go:219.32,221.5 1 0
github.com/AlekseyKas/metrics/cmd/server/handlers/handlers.go:35.36,37.2 1 1
github.com/AlekseyKas/metrics/cmd/server/handlers/handlers.go:40.27,60.2 18 1
github.com/AlekseyKas/metrics/cmd/server/handlers/handlers.go:67.55,69.2 1 1
github.com/AlekseyKas/metrics/cmd/server/handlers/handlers.go:71.53,72.71 1 1
github.com/AlekseyKas/metrics/cmd/server/handlers/handlers.go:72.71,74.66 1 1
github.com/AlekseyKas/metrics/cmd/server/handlers/handlers.go:79.3,80.17 2 0
github.com/AlekseyKas/metrics/cmd/server/handlers/handlers.go:84.3,86.23 3 0
github.com/AlekseyKas/metrics/cmd/server/handlers/handlers.go:74.66,77.4 2 1
github.com/AlekseyKas/metrics/cmd/server/handlers/handlers.go:80.17,83.4 2 0
github.com/AlekseyKas/metrics/cmd/server/handlers/handlers.go:91.51,92.71 1 1
github.com/AlekseyKas/metrics/cmd/server/handlers/handlers.go:92.71,93.65 1 1
github.com/AlekseyKas/metrics/cmd/server/handlers/handlers.go:98.3,99.17 2 1
github.com/AlekseyKas/metrics/cmd/server/handlers/handlers.go:103.3,111.8 5 1
github.com/AlekseyKas/metrics/cmd/server/handlers/handlers.go:93.65,96.4 2 0
github.com/AlekseyKas/metrics/cmd/server/handlers/handlers.go:99.17,102.4 2 0
github.com/AlekseyKas/metrics/cmd/server/handlers/handlers.go:115.42,116.72 1 1
github.com/AlekseyKas/metrics/cmd/server/handlers/handlers.go:116.72,122.17 4 0
github.com/AlekseyKas/metrics/cmd/server/handlers/handlers.go:126.3,127.17 2 0
github.com/AlekseyKas/metrics/cmd/server/handlers/handlers.go:130.3,132.31 3 0
github.com/AlekseyKas/metrics/cmd/server/handlers/handlers.go:122.17,124.4 1 0
github.com/AlekseyKas/metrics/cmd/server/handlers/handlers.go:127.17,129.4 1 0
github.com/AlekseyKas/metrics/cmd/server/handlers/handlers.go:132.31,137.30 4 0
github.com/AlekseyKas/metrics/cmd/server/handlers/handlers.go:137.30,139.19 2 0
github.com/AlekseyKas/metrics/cmd/server/handlers/handlers.go:142.5,142.10 1 0
github.com/AlekseyKas/metrics/cmd/server/handlers/handlers.go:139.19,141.6 1 0
github.com/AlekseyKas/metrics/cmd/server/handlers/handlers.go:142.10,145.28 1 0
github.com/AlekseyKas/metrics/cmd/server/handlers/handlers.go:155.6,155.30 1 0
github.com/AlekseyKas/metrics/cmd/server/handlers/handlers.go:145.28,146.28 1 0
github.com/AlekseyKas/metrics/cmd/server/handlers/handlers.go:146.28,147.50 1 0
github.com/AlekseyKas/metrics/cmd/server/handlers/handlers.go:147.50,151.9 3 0
github.com/AlekseyKas/metrics/cmd/server/handlers/handlers.go:155.30,157.28 2 0
github.com/AlekseyKas/metrics/cmd/server/handlers/handlers.go:157.28,158.41 1 0
github.com/AlekseyKas/metrics/cmd/server/handlers/handlers.go:158.41,160.23 2 0
github.com/AlekseyKas/metrics/cmd/server/handlers/handlers.go:163.9,166.38 4 0
github.com/AlekseyKas/metrics/cmd/server/handlers/handlers.go:160.23,162.10 1 0
github.com/AlekseyKas/metrics/cmd/server/handlers/handlers.go:167.14,172.9 4 0
github.com/AlekseyKas/metrics/cmd/server/handlers/handlers.go:177.10,178.27 1 0
github.com/AlekseyKas/metrics/cmd/server/handlers/handlers.go:188.5,188.29 1 0
github.com/AlekseyKas/metrics/cmd/server/handlers/handlers.go:178.27,179.27 1 0
github.com/AlekseyKas/metrics/cmd/server/handlers/handlers.go:179.27,180.49 1 0
github.com/AlekseyKas/metrics/cmd/server/handlers/handlers.go:180.49,184.8 3 0
github.com/AlekseyKas/metrics/cmd/server/handlers/handlers.go:188.29,190.27 2 0
github.com/AlekseyKas/metrics/cmd/server/handlers/handlers.go:190.27,191.40 1 0
github.com/AlekseyKas/metrics/cmd/server/handlers/handlers.go:191.40,193.22 2 0
github.com/AlekseyKas/metrics/cmd/server/handlers/handlers.go:196.8,199.37 4 0
github.com/AlekseyKas/metrics/cmd/server/handlers/handlers.go:193.22,195.9 1 0
github.com/AlekseyKas/metrics/cmd/server/handlers/handlers.go:200.13,205.8 4 0
github.com/AlekseyKas/metrics/cmd/server/handlers/handlers.go:213.40,214.57 1 1
github.com/AlekseyKas/metrics/cmd/server/handlers/handlers.go:214.57,218.17 4 1
github.com/AlekseyKas/metrics/cmd/server/handlers/handlers.go:223.3,225.17 3 1
github.com/AlekseyKas/metrics/cmd/server/handlers/handlers.go:230.3,234.49 4 1
github.com/AlekseyKas/metrics/cmd/server/handlers/handlers.go:239.3,239.51 1 1
github.com/AlekseyKas/metrics/cmd/server/handlers/handlers.go:243.3,243.27 1 1
github.com/AlekseyKas/metrics/cmd/server/handlers/handlers.go:278.3,278.25 1 1
github.com/AlekseyKas/metrics/cmd/server/handlers/handlers.go:218.17,221.4 2 0
github.com/AlekseyKas/metrics/cmd/server/handlers/handlers.go:225.17,228.4 2 0
github.com/AlekseyKas/metrics/cmd/server/handlers/handlers.go:234.49,237.4 2 1
github.com/AlekseyKas/metrics/cmd/server/handlers/handlers.go:239.51,242.4 2 0
github.com/AlekseyKas/metrics/cmd/server/handlers/handlers.go:243.27,245.37 1 1
github.com/AlekseyKas/metrics/cmd/server/handlers/handlers.go:245.37,247.118 1 1
github.com/AlekseyKas/metrics/cmd/server/handlers/handlers.go:247.118,249.20 2 1
github.com/AlekseyKas/metrics/cmd/server/handlers/handlers.go:252.6,255.32 4 1
github.com/AlekseyKas/metrics/cmd/server/handlers/handlers.go:261.6,263.20 3 1
github.com/AlekseyKas/metrics/cmd/server/handlers/handlers.go:267.6,269.12 3 1
github.com/AlekseyKas/metrics/cmd/server/handlers/handlers.go:249.20,251.7 1 0
github.com/AlekseyKas/metrics/cmd/server/handlers/handlers.go:255.32,257.21 2 0
github.com/AlekseyKas/metrics/cmd/server/handlers/handlers.go:257.21,259.8 1 0
github.com/AlekseyKas/metrics/cmd/server/handlers/handlers.go:263.20,266.7 2 0
github.com/AlekseyKas/metrics/cmd/server/handlers/handlers.go:270.11,272.6 1 0
github.com/AlekseyKas/metrics/cmd/server/handlers/handlers.go:273.10,275.5 1 0
github.com/AlekseyKas/metrics/cmd/server/handlers/handlers.go:278.25,279.37 1 1
github.com/AlekseyKas/metrics/cmd/server/handlers/handlers.go:279.37,280.92 1 1
github.com/AlekseyKas/metrics/cmd/server/handlers/handlers.go:280.92,282.20 2 1
github.com/AlekseyKas/metrics/cmd/server/handlers/handlers.go:285.6,287.32 3 1
github.com/AlekseyKas/metrics/cmd/server/handlers/handlers.go:293.6,295.20 3 1
github.com/AlekseyKas/metrics/cmd/server/handlers/handlers.go:298.6,300.12 3 1
github.com/AlekseyKas/metrics/cmd/server/handlers/handlers.go:282.20,284.7 1 0
github.com/AlekseyKas/metrics/cmd/server/handlers/handlers.go:287.32,289.21 2 0
github.com/AlekseyKas/metrics/cmd/server/handlers/handlers.go:289.21,291.8 1 0
github.com/AlekseyKas/metrics/cmd/server/handlers/handlers.go:295.20,297.7 1 0
github.com/AlekseyKas/metrics/cmd/server/handlers/handlers.go:301.11,303.6 1 0
github.com/AlekseyKas/metrics/cmd/server/handlers/handlers.go:304.10,306.5 1 0
github.com/AlekseyKas/metrics/cmd/server/handlers/handlers.go:312.62,315.17 2 0
github.com/AlekseyKas/metrics/cmd/server/handlers/handlers.go:327.2,327.12 1 0
github.com/AlekseyKas/metrics/cmd/server/handlers/handlers.go:316.17,320.41 4 0
github.com/AlekseyKas/metrics/cmd/server/handlers/handlers.go:321.15,325.41 4 0
github.com/AlekseyKas/metrics/cmd/server/handlers/handlers.go:331.41,332.57 1 1
github.com/AlekseyKas/metrics/cmd/server/handlers/handlers.go:332.57,336.17 3 1
github.com/AlekseyKas/metrics/cmd/server/handlers/handlers.go:340.3,342.17 3 1
github.com/AlekseyKas/metrics/cmd/server/handlers/handlers.go:347.3,350.29 4 1
github.com/AlekseyKas/metrics/cmd/server/handlers/handlers.go:360.3,360.49 1 1
github.com/AlekseyKas/metrics/cmd/server/handlers/handlers.go:365.3,365.25 1 1
github.com/AlekseyKas/metrics/cmd/server/handlers/handlers.go:379.3,379.27 1 1
github.com/AlekseyKas/metrics/cmd/server/handlers/handlers.go:336.17,339.4 2 0
github.com/AlekseyKas/metrics/cmd/server/handlers/handlers.go:342.17,346.4 2 1
github.com/AlekseyKas/metrics/cmd/server/handlers/handlers.go:350.29,352.18 2 0
github.com/AlekseyKas/metrics/cmd/server/handlers/handlers.go:355.4,355.10 1 0
github.com/AlekseyKas/metrics/cmd/server/handlers/handlers.go:352.18,354.5 1 0
github.com/AlekseyKas/metrics/cmd/server/handlers/handlers.go:355.10,357.5 1 0
github.com/AlekseyKas/metrics/cmd/server/handlers/handlers.go:360.49,363.4 2 0
github.com/AlekseyKas/metrics/cmd/server/handlers/handlers.go:365.25,366.22 1 1
github.com/AlekseyKas/metrics/cmd/server/handlers/handlers.go:366.22,369.5 2 1
github.com/AlekseyKas/metrics/cmd/server/handlers/handlers.go:369.10,370.44 1 1
github.com/AlekseyKas/metrics/cmd/server/handlers/handlers.go:370.44,375.6 4 1
github.com/AlekseyKas/metrics/cmd/server/handlers/handlers.go:379.27,381.18 1 1
github.com/AlekseyKas/metrics/cmd/server/handlers/handlers.go:385.4,386.22 2 1
github.com/AlekseyKas/metrics/cmd/server/handlers/handlers.go:381.18,384.5 2 0
github.com/AlekseyKas/metrics/cmd/server/handlers/handlers.go:386.22,387.38 1 1
github.com/AlekseyKas/metrics/cmd/server/handlers/handlers.go:387.38,389.20 2 0
github.com/AlekseyKas/metrics/cmd/server/handlers/handlers.go:393.6,397.12 5 0
github.com/AlekseyKas/metrics/cmd/server/handlers/handlers.go:389.20,392.7 2 0
github.com/AlekseyKas/metrics/cmd/server/handlers/handlers.go:398.11,404.6 5 1
github.com/AlekseyKas/metrics/cmd/server/handlers/handlers.go:405.10,407.5 1 0
github.com/AlekseyKas/metrics/cmd/server/handlers/handlers.go:412.74,415.17 2 1
github.com/AlekseyKas/metrics/cmd/server/handlers/handlers.go:425.2,426.45 2 1
github.com/AlekseyKas/metrics/cmd/server/handlers/handlers.go:429.2,429.15 1 1
github.com/AlekseyKas/metrics/cmd/server/handlers/handlers.go:416.17,419.24 3 0
github.com/AlekseyKas/metrics/cmd/server/handlers/handlers.go:420.15,423.24 3 1
github.com/AlekseyKas/metrics/cmd/server/handlers/handlers.go:426.45,428.3 1 1
github.com/AlekseyKas/metrics/cmd/server/handlers/handlers.go:433.36,434.57 1 1
github.com/AlekseyKas/metrics/cmd/server/handlers/handlers.go:434.57,440.17 5 0
github.com/AlekseyKas/metrics/cmd/server/handlers/handlers.go:443.3,445.24 3 0
github.com/AlekseyKas/metrics/cmd/server/handlers/handlers.go:440.17,442.4 1 0
github.com/AlekseyKas/metrics/cmd/server/handlers/handlers.go:450.35,451.57 1 1
github.com/AlekseyKas/metrics/cmd/server/handlers/handlers.go:451.57,458.18 4 0
github.com/AlekseyKas/metrics/cmd/server/handlers/handlers.go:465.3,465.49 1 0
github.com/AlekseyKas/metrics/cmd/server/handlers/handlers.go:472.3,472.51 1 0
github.com/AlekseyKas/metrics/cmd/server/handlers/handlers.go:477.3,477.36 1 0
github.com/AlekseyKas/metrics/cmd/server/handlers/handlers.go:490.3,490.51 1 0
github.com/AlekseyKas/metrics/cmd/server/handlers/handlers.go:459.16,460.21 1 0
github.com/AlekseyKas/metrics/cmd/server/handlers/handlers.go:461.18,462.23 1 0
github.com/AlekseyKas/metrics/cmd/server/handlers/handlers.go:465.49,470.4 3 0
github.com/AlekseyKas/metrics/cmd/server/handlers/handlers.go:472.51,476.4 3 0
github.com/AlekseyKas/metrics/cmd/server/handlers/handlers.go:477.36,478.28 1 0
github.com/AlekseyKas/metrics/cmd/server/handlers/handlers.go:478.28,483.5 4 0
github.com/AlekseyKas/metrics/cmd/server/handlers/handlers.go:484.9,488.4 2 0
github.com/AlekseyKas/metrics/cmd/server/handlers/handlers.go:490.51,495.4 4 0
github.com/AlekseyKas/metrics/cmd/server/handlers/handlers.go:499.37,500.57 1 1
github.com/AlekseyKas/metrics/cmd/server/handlers/handlers.go:500.57,507.18 5 0
github.com/AlekseyKas/metrics/cmd/server/handlers/handlers.go:513.3,513.49 1 0
github.com/AlekseyKas/metrics/cmd/server/handlers/handlers.go:518.3,518.51 1 0
github.com/AlekseyKas/metrics/cmd/server/handlers/handlers.go:533.3,533.27 1 0
github.com/AlekseyKas/metrics/cmd/server/handlers/handlers.go:508.16,509.21 1 0
github.com/AlekseyKas/metrics/cmd/server/handlers/handlers.go:510.18,511.23 1 0
github.com/AlekseyKas/metrics/cmd/server/handlers/handlers.go:513.49,516.4 2 0
github.com/AlekseyKas/metrics/cmd/server/handlers/handlers.go:518.51,520.18 2 0
github.com/AlekseyKas/metrics/cmd/server/handlers/handlers.go:524.4,524.18 1 0
github.com/AlekseyKas/metrics/cmd/server/handlers/handlers.go:520.18,523.5 2 0
github.com/AlekseyKas/metrics/cmd/server/handlers/handlers.go:524.18,525.49 1 0
github.com/AlekseyKas/metrics/cmd/server/handlers/handlers.go:525.49,529.6 3 0
github.com/AlekseyKas/metrics/cmd/server/handlers/handlers.go:533.27,536.18 2 0
github.com/AlekseyKas/metrics/cmd/server/handlers/handlers.go:540.4,540.18 1 0
github.com/AlekseyKas/metrics/cmd/server/handlers/handlers.go:536.18,539.5 2 0
github.com/AlekseyKas/metrics/cmd/server/handlers/handlers.go:540.18,541.38 1 0
github.com/AlekseyKas/metrics/cmd/server/handlers/handlers.go:541.38,543.20 2 0
github.com/AlekseyKas/metrics/cmd/server/handlers/handlers.go:547.6,550.35 4 0
github.com/AlekseyKas/metrics/cmd/server/handlers/handlers.go:543.20,546.7 2 0
github.com/AlekseyKas/metrics/cmd/server/handlers/handlers.go:551.11,553.6 1 0
github.com/AlekseyKas/metrics/cmd/server/handlers/handlers.go:559.41,560.57 1 1
github.com/AlekseyKas/metrics/cmd/server/handlers/handlers.go:560.57,561.31 1 0
github.com/AlekseyKas/metrics/cmd/server/handlers/handlers.go:561.31,563.18 2 0
github.com/AlekseyKas/metrics/cmd/server/handlers/handlers.go:563.18,565.5 1 0
github.com/AlekseyKas/metrics/cmd/server/handlers/handlers.go:565.10,567.5 1 0
github.com/AlekseyKas/metrics/cmd/server/handlers/handlers.go:568.9,570.4 1 0
